This is pdfTeX, Version 3.1415926-2.5-1.40.14 (MiKTeX 2.9) (preloaded format=pdflatex 2015.2.24)  27 APR 2015 15:25
entering extended mode
**Research_Proposal.tex

("D:\Documents\UP\2015\700 Project\700_Project\Thesis\Proposal\Research_Proposa
l.tex"
LaTeX2e <2011/06/27>
Babel <v3.8m> and hyphenation patterns for english, afrikaans, ancientgreek, ar
abic, armenian, assamese, basque, bengali, bokmal, bulgarian, catalan, coptic, 
croatian, czech, danish, dutch, esperanto, estonian, farsi, finnish, french, ga
lician, german, german-x-2013-05-26, greek, gujarati, hindi, hungarian, iceland
ic, indonesian, interlingua, irish, italian, kannada, kurmanji, latin, latvian,
 lithuanian, malayalam, marathi, mongolian, mongolianlmc, monogreek, ngerman, n
german-x-2013-05-26, nynorsk, oriya, panjabi, pinyin, polish, portuguese, roman
ian, russian, sanskrit, serbian, slovak, slovenian, spanish, swedish, swissgerm
an, tamil, telugu, turkish, turkmen, ukenglish, ukrainian, uppersorbian, usengl
ishmax, welsh, loaded.
("F:\Program Files\MikTeX\tex\latex\base\article.cls"
Document Class: article 2007/10/19 v1.4h Standard LaTeX document class
("F:\Program Files\MikTeX\tex\latex\base\size12.clo"
File: size12.clo 2007/10/19 v1.4h Standard LaTeX file (size option)
)
\c@part=\count79
\c@section=\count80
\c@subsection=\count81
\c@subsubsection=\count82
\c@paragraph=\count83
\c@subparagraph=\count84
\c@figure=\count85
\c@table=\count86
\abovecaptionskip=\skip41
\belowcaptionskip=\skip42
\bibindent=\dimen102
)
("F:\Program Files\MikTeX\tex\latex\amsmath\amsmath.sty"
Package: amsmath 2013/01/14 v2.14 AMS math features
\@mathmargin=\skip43

For additional information on amsmath, use the `?' option.
("F:\Program Files\MikTeX\tex\latex\amsmath\amstext.sty"
Package: amstext 2000/06/29 v2.01

("F:\Program Files\MikTeX\tex\latex\amsmath\amsgen.sty"
File: amsgen.sty 1999/11/30 v2.0
\@emptytoks=\toks14
\ex@=\dimen103
))
("F:\Program Files\MikTeX\tex\latex\amsmath\amsbsy.sty"
Package: amsbsy 1999/11/29 v1.2d
\pmbraise@=\dimen104
)
("F:\Program Files\MikTeX\tex\latex\amsmath\amsopn.sty"
Package: amsopn 1999/12/14 v2.01 operator names
)
\inf@bad=\count87
LaTeX Info: Redefining \frac on input line 210.
\uproot@=\count88
\leftroot@=\count89
LaTeX Info: Redefining \overline on input line 306.
\classnum@=\count90
\DOTSCASE@=\count91
LaTeX Info: Redefining \ldots on input line 378.
LaTeX Info: Redefining \dots on input line 381.
LaTeX Info: Redefining \cdots on input line 466.
\Mathstrutbox@=\box26
\strutbox@=\box27
\big@size=\dimen105
LaTeX Font Info:    Redeclaring font encoding OML on input line 566.
LaTeX Font Info:    Redeclaring font encoding OMS on input line 567.
\macc@depth=\count92
\c@MaxMatrixCols=\count93
\dotsspace@=\muskip10
\c@parentequation=\count94
\dspbrk@lvl=\count95
\tag@help=\toks15
\row@=\count96
\column@=\count97
\maxfields@=\count98
\andhelp@=\toks16
\eqnshift@=\dimen106
\alignsep@=\dimen107
\tagshift@=\dimen108
\tagwidth@=\dimen109
\totwidth@=\dimen110
\lineht@=\dimen111
\@envbody=\toks17
\multlinegap=\skip44
\multlinetaggap=\skip45
\mathdisplay@stack=\toks18
LaTeX Info: Redefining \[ on input line 2665.
LaTeX Info: Redefining \] on input line 2666.
)
(C:\Users\Nico\AppData\Roaming\MiKTeX\2.9\tex\latex\placeins\placeins.sty
Package: placeins 2005/04/18  v 2.2
)
("F:\Program Files\MikTeX\tex\latex\graphics\graphicx.sty"
Package: graphicx 1999/02/16 v1.0f Enhanced LaTeX Graphics (DPC,SPQR)

("F:\Program Files\MikTeX\tex\latex\graphics\keyval.sty"
Package: keyval 1999/03/16 v1.13 key=value parser (DPC)
\KV@toks@=\toks19
)
("F:\Program Files\MikTeX\tex\latex\graphics\graphics.sty"
Package: graphics 2009/02/05 v1.0o Standard LaTeX Graphics (DPC,SPQR)

("F:\Program Files\MikTeX\tex\latex\graphics\trig.sty"
Package: trig 1999/03/16 v1.09 sin cos tan (DPC)
)
("F:\Program Files\MikTeX\tex\latex\00miktex\graphics.cfg"
File: graphics.cfg 2007/01/18 v1.5 graphics configuration of teTeX/TeXLive
)
Package graphics Info: Driver file: pdftex.def on input line 91.

("F:\Program Files\MikTeX\tex\latex\pdftex-def\pdftex.def"
File: pdftex.def 2011/05/27 v0.06d Graphics/color for pdfTeX

("F:\Program Files\MikTeX\tex\generic\oberdiek\infwarerr.sty"
Package: infwarerr 2010/04/08 v1.3 Providing info/warning/error messages (HO)
)
("F:\Program Files\MikTeX\tex\generic\oberdiek\ltxcmds.sty"
Package: ltxcmds 2011/11/09 v1.22 LaTeX kernel commands for general use (HO)
)
\Gread@gobject=\count99
))
\Gin@req@height=\dimen112
\Gin@req@width=\dimen113
)
("F:\Program Files\MikTeX\tex\latex\float\float.sty"
Package: float 2001/11/08 v1.3d Float enhancements (AL)
\c@float@type=\count100
\float@exts=\toks20
\float@box=\box28
\@float@everytoks=\toks21
\@floatcapt=\box29
)
("D:\Documents\UP\2015\700 Project\700_Project\Thesis\Proposal\Research_Proposa
l.aux")
LaTeX Font Info:    Checking defaults for OML/cmm/m/it on input line 7.
LaTeX Font Info:    ... okay on input line 7.
LaTeX Font Info:    Checking defaults for T1/cmr/m/n on input line 7.
LaTeX Font Info:    ... okay on input line 7.
LaTeX Font Info:    Checking defaults for OT1/cmr/m/n on input line 7.
LaTeX Font Info:    ... okay on input line 7.
LaTeX Font Info:    Checking defaults for OMS/cmsy/m/n on input line 7.
LaTeX Font Info:    ... okay on input line 7.
LaTeX Font Info:    Checking defaults for OMX/cmex/m/n on input line 7.
LaTeX Font Info:    ... okay on input line 7.
LaTeX Font Info:    Checking defaults for U/cmr/m/n on input line 7.
LaTeX Font Info:    ... okay on input line 7.

(C:\Users\Nico\AppData\Roaming\MiKTeX\2.9\tex\context\base\supp-pdf.mkii
[Loading MPS to PDF converter (version 2006.09.02).]
\scratchcounter=\count101
\scratchdimen=\dimen114
\scratchbox=\box30
\nofMPsegments=\count102
\nofMParguments=\count103
\everyMPshowfont=\toks22
\MPscratchCnt=\count104
\MPscratchDim=\dimen115
\MPnumerator=\count105
\makeMPintoPDFobject=\count106
\everyMPtoPDFconversion=\toks23
) <UP.jpg, id=1, 214.1601pt x 130.086pt>
File: UP.jpg Graphic file (type jpg)
 <use UP.jpg>
Package pdftex.def Info: UP.jpg used on input line 18.
(pdftex.def)             Requested size: 195.0pt x 118.44789pt.

Underfull \hbox (badness 10000) in paragraph at lines 28--30

 []

[1

{C:/Users/Nico/AppData/Local/MiKTeX/2.9/pdftex/config/pdftex.map} <D:/Documents
/UP/2015/700 Project/700_Project/Thesis/Proposal/UP.jpg>]
Underfull \hbox (badness 10000) in paragraph at lines 57--59

 []


Underfull \hbox (badness 10000) in paragraph at lines 59--61

 []


Underfull \hbox (badness 10000) in paragraph at lines 61--63

 []


Underfull \hbox (badness 10000) in paragraph at lines 63--65

 []

[2

]
Underfull \hbox (badness 10000) in paragraph at lines 72--74

 []


Underfull \hbox (badness 10000) in paragraph at lines 74--76

 []

[3]
LaTeX Font Info:    Try loading font information for OMS+cmr on input line 89.
 ("F:\Program Files\MikTeX\tex\latex\base\omscmr.fd"
File: omscmr.fd 1999/05/25 v2.5h Standard LaTeX font definitions
)
LaTeX Font Info:    Font shape `OMS/cmr/m/n' in size <12> not available
(Font)              Font shape `OMS/cmsy/m/n' tried instead on input line 89.
 [4]
Underfull \hbox (badness 10000) in paragraph at lines 116--118

 []

[5]
Underfull \hbox (badness 10000) in paragraph at lines 118--120

 []

Missing character: There is no √ in font cmr12!
Missing character: There is no ® in font cmr12!

Underfull \hbox (badness 10000) in paragraph at lines 130--132

 []


Underfull \hbox (badness 10000) in paragraph at lines 132--134

 []

[6]
Underfull \hbox (badness 10000) in paragraph at lines 136--138

 []

[7]
Underfull \hbox (badness 10000) in paragraph at lines 154--156

 []


Underfull \hbox (badness 10000) in paragraph at lines 173--178

 []

[8]
Underfull \hbox (badness 10000) in paragraph at lines 179--181

 []

[9] <Planning.png, id=44, 615.80063pt x 548.80031pt>
File: Planning.png Graphic file (type png)
 <use Planning.png>
Package pdftex.def Info: Planning.png used on input line 206.
(pdftex.def)             Requested size: 390.0pt x 347.57155pt.

("D:\Documents\UP\2015\700 Project\700_Project\Thesis\Proposal\Research_Proposa
l.bbl" [10 <D:/Documents/UP/2015/700 Project/700_Project/Thesis/Proposal/Planni
ng.png>]
Missing character: There is no √ in font cmr12!
Missing character: There is no ® in font cmr12!
Missing character: There is no ¬ in font cmr12!
Missing character: There is no ¥ in font cmr12!
Missing character: There is no ‚ in font cmr12!
Missing character: There is no Ä in font cmr12!
Missing character: There is no ô in font cmr12!
Missing character: There is no ‚ in font cmr12!
Missing character: There is no Ä in font cmr12!
Missing character: There is no ô in font cmr12!
Missing character: There is no √ in font cmr12!
Missing character: There is no ® in font cmr12!
Missing character: There is no ‚ in font cmr12!
Missing character: There is no Ä in font cmr12!
Missing character: There is no ò in font cmr12!
Missing character: There is no ‚ in font cmr12!
Missing character: There is no Ä in font cmr12!
Missing character: There is no ò in font cmr12!
Missing character: There is no ‚ in font cmr12!
Missing character: There is no Ä in font cmr12!
Missing character: There is no ô in font cmr12!
Missing character: There is no ‚ in font cmr12!
Missing character: There is no Ä in font cmr12!
Missing character: There is no ô in font cmr12!
Missing character: There is no √ in font cmr12!
Missing character: There is no ® in font cmr12!
Missing character: There is no Ô in font cmr12!
Missing character: There is no ¨ in font cmr12!
Missing character: There is no Å in font cmr12!
) [11]
("D:\Documents\UP\2015\700 Project\700_Project\Thesis\Proposal\Research_Proposa
l.aux") )
(\end occurred inside a group at level 1)

### simple group (level 1) entered at line 118 ({)
### bottom level 
Here is how much of TeX's memory you used:
 1854 strings out of 493921
 23607 string characters out of 3148889
 79880 words of memory out of 3000000
 5153 multiletter control sequences out of 15000+200000
 10282 words of font info for 37 fonts, out of 3000000 for 9000
 841 hyphenation exceptions out of 8191
 27i,12n,20p,855b,322s stack positions out of 5000i,500n,10000p,200000b,50000s
<F:/Program Files/MikTeX/fonts/type1/public/amsfonts/cm/cmbx10.
pfb><F:/Program Files/MikTeX/fonts/type1/public/amsfonts/cm/cmbx12.pfb><F:/Prog
ram Files/MikTeX/fonts/type1/public/amsfonts/cm/cmex10.pfb><F:/Program Files/Mi
kTeX/fonts/type1/public/amsfonts/cm/cmmi12.pfb><F:/Program Files/MikTeX/fonts/t
ype1/public/amsfonts/cm/cmmi6.pfb><F:/Program Files/MikTeX/fonts/type1/public/a
msfonts/cm/cmmi8.pfb><F:/Program Files/MikTeX/fonts/type1/public/amsfonts/cm/cm
r10.pfb><F:/Program Files/MikTeX/fonts/type1/public/amsfonts/cm/cmr12.pfb><F:/P
rogram Files/MikTeX/fonts/type1/public/amsfonts/cm/cmr17.pfb><F:/Program Files/
MikTeX/fonts/type1/public/amsfonts/cm/cmr8.pfb><F:/Program Files/MikTeX/fonts/t
ype1/public/amsfonts/cm/cmsy10.pfb><F:/Program Files/MikTeX/fonts/type1/public/
amsfonts/cm/cmsy8.pfb><F:/Program Files/MikTeX/fonts/type1/public/amsfonts/cm/c
mti12.pfb>
Output written on Research_Proposal.pdf (11 pages, 311726 bytes).
PDF statistics:
 94 PDF objects out of 1000 (max. 8388607)
 0 named destinations out of 1000 (max. 500000)
 11 words of extra memory for PDF output out of 10000 (max. 10000000)

