\BOOKMARK [0][-]{contents.0}{Contents}{}% 1
\BOOKMARK [0][-]{section*.2}{List of Figures}{}% 2
\BOOKMARK [0][-]{section*.4}{List of Graphs}{}% 3
\BOOKMARK [0][-]{section*.6}{List of Algorithms}{}% 4
\BOOKMARK [0][-]{section*.8}{List of Tables}{}% 5
\BOOKMARK [0][-]{chapter.1}{1 Introduction}{}% 6
\BOOKMARK [1][-]{section.1.1}{1.1 Motivation}{chapter.1}% 7
\BOOKMARK [1][-]{section.1.2}{1.2 Objectives}{chapter.1}% 8
\BOOKMARK [1][-]{section.1.3}{1.3 Contributions}{chapter.1}% 9
\BOOKMARK [1][-]{section.1.4}{1.4 Dissertation Outline}{chapter.1}% 10
\BOOKMARK [0][-]{chapter.2}{2 The First Chapter}{}% 11
\BOOKMARK [1][-]{section.2.1}{2.1 A First Section}{chapter.2}% 12
\BOOKMARK [1][-]{section.2.2}{2.2 A Second Section}{chapter.2}% 13
\BOOKMARK [2][-]{subsection.2.2.1}{2.2.1 A Subsection}{section.2.2}% 14
\BOOKMARK [1][-]{section.2.3}{2.3 Summary}{chapter.2}% 15
\BOOKMARK [0][-]{chapter.3}{3 The Second Chapter}{}% 16
\BOOKMARK [1][-]{section.3.1}{3.1 The First Section}{chapter.3}% 17
\BOOKMARK [1][-]{section.3.2}{3.2 The Second Section}{chapter.3}% 18
\BOOKMARK [2][-]{subsection.3.2.1}{3.2.1 A Subsection}{section.3.2}% 19
\BOOKMARK [2][-]{subsection.3.2.2}{3.2.2 Another Subsection}{section.3.2}% 20
\BOOKMARK [1][-]{section.3.3}{3.3 Summary}{chapter.3}% 21
\BOOKMARK [0][-]{chapter.4}{4 Conclusions}{}% 22
\BOOKMARK [1][-]{section.4.1}{4.1 Summary of Conclusions}{chapter.4}% 23
\BOOKMARK [1][-]{section.4.2}{4.2 Future Work}{chapter.4}% 24
\BOOKMARK [0][-]{section*.11}{Bibliography}{}% 25
\BOOKMARK [0][-]{appendix.A}{A The First Appendix}{}% 26
\BOOKMARK [1][-]{section.A.1}{A.1 Summary}{appendix.A}% 27
\BOOKMARK [0][-]{appendix.B}{B The Second Appendix}{}% 28
\BOOKMARK [1][-]{section.B.1}{B.1 Summary}{appendix.B}% 29
\BOOKMARK [0][-]{appendix.C}{C Acronyms}{}% 30
\BOOKMARK [0][-]{appendix.D}{D Symbols}{}% 31
\BOOKMARK [1][-]{section.D.1}{D.1 Chapter 2: The First Chapter}{appendix.D}% 32
\BOOKMARK [1][-]{section.D.2}{D.2 Chapter 3: The Second Chapter}{appendix.D}% 33
\BOOKMARK [0][-]{appendix.E}{E Derived Publications}{}% 34
