This is pdfTeX, Version 3.1415926-2.5-1.40.14 (MiKTeX 2.9) (preloaded format=pdflatex 2015.2.24)  6 SEP 2015 21:48
entering extended mode
**scifile.tex

("D:\Documents\UP\2015\700 Project\700_Project\Thesis\IEEE Article\scifile\scif
ile.tex"
LaTeX2e <2011/06/27>
Babel <v3.8m> and hyphenation patterns for english, afrikaans, ancientgreek, ar
abic, armenian, assamese, basque, bengali, bokmal, bulgarian, catalan, coptic, 
croatian, czech, danish, dutch, esperanto, estonian, farsi, finnish, french, ga
lician, german, german-x-2013-05-26, greek, gujarati, hindi, hungarian, iceland
ic, indonesian, interlingua, irish, italian, kannada, kurmanji, latin, latvian,
 lithuanian, malayalam, marathi, mongolian, mongolianlmc, monogreek, ngerman, n
german-x-2013-05-26, nynorsk, oriya, panjabi, pinyin, polish, portuguese, roman
ian, russian, sanskrit, serbian, slovak, slovenian, spanish, swedish, swissgerm
an, tamil, telugu, turkish, turkmen, ukenglish, ukrainian, uppersorbian, usengl
ishmax, welsh, loaded.
("F:\Program Files\MikTeX\tex\latex\base\article.cls"
Document Class: article 2007/10/19 v1.4h Standard LaTeX document class
("F:\Program Files\MikTeX\tex\latex\base\size12.clo"
File: size12.clo 2007/10/19 v1.4h Standard LaTeX file (size option)
)
\c@part=\count79
\c@section=\count80
\c@subsection=\count81
\c@subsubsection=\count82
\c@paragraph=\count83
\c@subparagraph=\count84
\c@figure=\count85
\c@table=\count86
\abovecaptionskip=\skip41
\belowcaptionskip=\skip42
\bibindent=\dimen102
)
(C:\Users\Nico\AppData\Roaming\MiKTeX\2.9\tex\latex\enumitem\enumitem.sty
Package: enumitem 2011/09/28 v3.5.2 Customized lists
\enitkv@toks@=\toks14
\labelindent=\skip43
\enit@outerparindent=\dimen103
\enit@toks=\toks15
\enit@inbox=\box26
\enitdp@description=\count87
)
("D:\Documents\UP\2015\700 Project\700_Project\Thesis\IEEE Article\scifile\scic
ite.sty"
LaTeX Info: Redefining \cite on input line 160.
LaTeX Info: Redefining \nocite on input line 227.
Package: scicite 2003/11/04  v 4.01
) ("F:\Program Files\MikTeX\tex\latex\psnfss\times.sty"
Package: times 2005/04/12 PSNFSS-v9.2a (SPQR) 
)
\c@lastnote=\count88

("F:\Program Files\MikTeX\tex\latex\graphics\graphicx.sty"
Package: graphicx 1999/02/16 v1.0f Enhanced LaTeX Graphics (DPC,SPQR)

("F:\Program Files\MikTeX\tex\latex\graphics\keyval.sty"
Package: keyval 1999/03/16 v1.13 key=value parser (DPC)
\KV@toks@=\toks16
)
("F:\Program Files\MikTeX\tex\latex\graphics\graphics.sty"
Package: graphics 2009/02/05 v1.0o Standard LaTeX Graphics (DPC,SPQR)

("F:\Program Files\MikTeX\tex\latex\graphics\trig.sty"
Package: trig 1999/03/16 v1.09 sin cos tan (DPC)
)
("F:\Program Files\MikTeX\tex\latex\00miktex\graphics.cfg"
File: graphics.cfg 2007/01/18 v1.5 graphics configuration of teTeX/TeXLive
)
Package graphics Info: Driver file: pdftex.def on input line 91.

("F:\Program Files\MikTeX\tex\latex\pdftex-def\pdftex.def"
File: pdftex.def 2011/05/27 v0.06d Graphics/color for pdfTeX

("F:\Program Files\MikTeX\tex\generic\oberdiek\infwarerr.sty"
Package: infwarerr 2010/04/08 v1.3 Providing info/warning/error messages (HO)
)
("F:\Program Files\MikTeX\tex\generic\oberdiek\ltxcmds.sty"
Package: ltxcmds 2011/11/09 v1.22 LaTeX kernel commands for general use (HO)
)
\Gread@gobject=\count89
))
\Gin@req@height=\dimen104
\Gin@req@width=\dimen105
)
("F:\Program Files\MikTeX\tex\latex\multirow\multirow.sty"
\bigstrutjot=\dimen106
)
(C:\Users\Nico\AppData\Roaming\MiKTeX\2.9\tex\latex\caption\caption.sty
Package: caption 2013/05/02 v3.3-89 Customizing captions (AR)

(C:\Users\Nico\AppData\Roaming\MiKTeX\2.9\tex\latex\caption\caption3.sty
Package: caption3 2013/05/02 v1.6-88 caption3 kernel (AR)
Package caption3 Info: TeX engine: e-TeX on input line 57.
\captionmargin=\dimen107
\captionmargin@=\dimen108
\captionwidth=\dimen109
\caption@tempdima=\dimen110
\caption@indent=\dimen111
\caption@parindent=\dimen112
\caption@hangindent=\dimen113
)
\c@ContinuedFloat=\count90
)
(C:\Users\Nico\AppData\Roaming\MiKTeX\2.9\tex\latex\caption\subcaption.sty
Package: subcaption 2013/02/03 v1.1-62 Sub-captions (AR)
\c@subfigure=\count91
\c@subtable=\count92
)
("D:\Documents\UP\2015\700 Project\700_Project\Thesis\IEEE Article\scifile\scif
ile.aux"

LaTeX Warning: Label `my-label' multiply defined.


LaTeX Warning: Label `my-label' multiply defined.


LaTeX Warning: Label `my-label' multiply defined.


LaTeX Warning: Label `my-label' multiply defined.

)
LaTeX Font Info:    Checking defaults for OML/cmm/m/it on input line 99.
LaTeX Font Info:    ... okay on input line 99.
LaTeX Font Info:    Checking defaults for T1/cmr/m/n on input line 99.
LaTeX Font Info:    ... okay on input line 99.
LaTeX Font Info:    Checking defaults for OT1/cmr/m/n on input line 99.
LaTeX Font Info:    ... okay on input line 99.
LaTeX Font Info:    Checking defaults for OMS/cmsy/m/n on input line 99.
LaTeX Font Info:    ... okay on input line 99.
LaTeX Font Info:    Checking defaults for OMX/cmex/m/n on input line 99.
LaTeX Font Info:    ... okay on input line 99.
LaTeX Font Info:    Checking defaults for U/cmr/m/n on input line 99.
LaTeX Font Info:    ... okay on input line 99.
LaTeX Font Info:    Try loading font information for OT1+ptm on input line 99.
 ("F:\Program Files\MikTeX\tex\latex\psnfss\ot1ptm.fd"
File: ot1ptm.fd 2001/06/04 font definitions for OT1/ptm.
)
(C:\Users\Nico\AppData\Roaming\MiKTeX\2.9\tex\context\base\supp-pdf.mkii
[Loading MPS to PDF converter (version 2006.09.02).]
\scratchcounter=\count93
\scratchdimen=\dimen114
\scratchbox=\box27
\nofMPsegments=\count94
\nofMParguments=\count95
\everyMPshowfont=\toks17
\MPscratchCnt=\count96
\MPscratchDim=\dimen115
\MPnumerator=\count97
\makeMPintoPDFobject=\count98
\everyMPtoPDFconversion=\toks18
)
Package caption Info: Begin \AtBeginDocument code.
Package caption Info: End \AtBeginDocument code.
LaTeX Font Info:    External font `cmex10' loaded for size
(Font)              <14.4> on input line 107.
LaTeX Font Info:    External font `cmex10' loaded for size
(Font)              <7> on input line 107.
LaTeX Font Info:    Font shape `OT1/ptm/bx/n' in size <12> not available
(Font)              Font shape `OT1/ptm/b/n' tried instead on input line 113.
LaTeX Font Info:    Font shape `OT1/ptm/bx/n' in size <17.28> not available
(Font)              Font shape `OT1/ptm/b/n' tried instead on input line 128.
 [1

{C:/Users/Nico/AppData/Local/MiKTeX/2.9/pdftex/config/pdftex.map}]
LaTeX Font Info:    Font shape `OT1/ptm/bx/n' in size <14.4> not available
(Font)              Font shape `OT1/ptm/b/n' tried instead on input line 140.
 [2]
[3] <Diagrams/desertant.png, id=14, 721.69624pt x 305.14pt>
File: Diagrams/desertant.png Graphic file (type png)

<use Diagrams/desertant.png>
Package pdftex.def Info: Diagrams/desertant.png used on input line 169.
(pdftex.def)             Requested size: 455.24408pt x 192.48132pt.


LaTeX Warning: `h' float specifier changed to `ht'.

LaTeX Font Info:    External font `cmex10' loaded for size
(Font)              <12> on input line 177.
LaTeX Font Info:    External font `cmex10' loaded for size
(Font)              <8> on input line 177.
LaTeX Font Info:    External font `cmex10' loaded for size
(Font)              <6> on input line 177.
[4] [5 <D:/Documents/UP/2015/700 Project/700_Project/Thesis/IEEE Article/scifil
e/Diagrams/desertant.png>]
<Diagrams/honeybee.png, id=24, 629.35126pt x 275.0275pt>
File: Diagrams/honeybee.png Graphic file (type png)

<use Diagrams/honeybee.png>
Package pdftex.def Info: Diagrams/honeybee.png used on input line 190.
(pdftex.def)             Requested size: 455.24408pt x 198.94289pt.
 [6 <D:/Documents/UP/2015/700 Project/700_Project/Thesis/IEEE Article/scifile/D
iagrams/honeybee.png>]
File: Diagrams/desertant.png Graphic file (type png)
 <use Diagrams/desertant.png>
Package pdftex.def Info: Diagrams/desertant.png used on input line 217.
(pdftex.def)             Requested size: 18.2092pt x 7.69646pt.
File: Diagrams/honeybee.png Graphic file (type png)

<use Diagrams/honeybee.png>
Package pdftex.def Info: Diagrams/honeybee.png used on input line 223.
(pdftex.def)             Requested size: 18.2092pt x 7.9567pt.
File: Diagrams/desertant.png Graphic file (type png)
 <use Diagrams/desertant.png>
Package pdftex.def Info: Diagrams/desertant.png used on input line 229.
(pdftex.def)             Requested size: 18.2092pt x 7.69646pt.
File: Diagrams/honeybee.png Graphic file (type png)

<use Diagrams/honeybee.png>
Package pdftex.def Info: Diagrams/honeybee.png used on input line 235.
(pdftex.def)             Requested size: 18.2092pt x 7.9567pt.


LaTeX Warning: `h' float specifier changed to `ht'.

[7] [8] [9]

LaTeX Warning: `h' float specifier changed to `ht'.


LaTeX Warning: `h' float specifier changed to `ht'.

[10]

LaTeX Warning: `h' float specifier changed to `ht'.


("D:\Documents\UP\2015\700 Project\700_Project\Thesis\IEEE Article\scifile\scif
ile.bbl"

LaTeX Warning: Empty `thebibliography' environment on input line 3.

) [11] [12]
("D:\Documents\UP\2015\700 Project\700_Project\Thesis\IEEE Article\scifile\scif
ile.aux")

LaTeX Warning: There were multiply-defined labels.

 ) 
Here is how much of TeX's memory you used:
 2685 strings out of 493921
 42350 string characters out of 3148889
 126296 words of memory out of 3000000
 5981 multiletter control sequences out of 15000+200000
 20698 words of font info for 43 fonts, out of 3000000 for 9000
 841 hyphenation exceptions out of 8191
 36i,15n,38p,1030b,445s stack positions out of 5000i,500n,10000p,200000b,50000s
{F:/Program Files/MikTeX/fonts/enc/dvips/fontname/8r.enc}<F:/Program Files/Mi
kTeX/fonts/type1/public/amsfonts/cm/cmmi12.pfb><F:/Program Files/MikTeX/fonts/t
ype1/public/amsfonts/cm/cmr12.pfb><F:/Program Files/MikTeX/fonts/type1/urw/time
s/utmb8a.pfb><F:/Program Files/MikTeX/fonts/type1/urw/times/utmr8a.pfb><F:/Prog
ram Files/MikTeX/fonts/type1/urw/times/utmri8a.pfb>
Output written on scifile.pdf (12 pages, 102605 bytes).
PDF statistics:
 67 PDF objects out of 1000 (max. 8388607)
 0 named destinations out of 1000 (max. 500000)
 11 words of extra memory for PDF output out of 10000 (max. 10000000)

